<?xml version="1.0" encoding="UTF-8"?>
<!-- Generated by org.testng.reporters.JUnitReportReporter -->
<testsuite hostname="MACs-Mac-mini.local" failures="0" tests="1" name="Tests.LoginTest" time="0.370" errors="0" timestamp="2025-03-17T11:18:04 IST" skipped="0">
  <testcase classname="Tests.LoginTest" name="testLogin" time="0.370"/>
</testsuite> <!-- Tests.LoginTest -->
