<?xml version="1.0" encoding="UTF-8"?>
<!-- Generated by org.testng.reporters.JUnitReportReporter -->
<testsuite hostname="MACs-Mac-mini.local" failures="0" tests="1" name="Tests.AutomationexcersizeMenu" time="4.043" errors="0" timestamp="2025-03-21T15:22:29 IST" skipped="0">
  <testcase classname="Tests.AutomationexcersizeMenu" name="productMenuClick" time="4.043"/>
</testsuite> <!-- Tests.AutomationexcersizeMenu -->
